2024-02-07T03:09:26.862+03:00  INFO 1876 --- [restartedMain] r.g.s.SpringSeminar5Application          : Starting SpringSeminar5Application using Java 17.0.8.1 with PID 1876 (C:\Users\Admin\Downloads\spring_seminar5\target\classes started by Admin in C:\Users\Admin\Downloads\spring_seminar5)
2024-02-07T03:09:26.866+03:00  INFO 1876 --- [restartedMain] r.g.s.SpringSeminar5Application          : No active profile set, falling back to 1 default profile: "default"
2024-02-07T03:10:16.762+03:00  INFO 1876 --- [restartedMain] r.g.s.SpringSeminar5Application          : Started SpringSeminar5Application in 52.584 seconds (process running for 56.446)
2024-02-07T03:10:35.204+03:00  INFO 1876 --- [http-nio-8282-exec-1] r.g.s.aspects.LoggingAspect              : target = class ru.gb.spring_seminar5.services.impl.TaskServiceImpl
2024-02-07T03:10:35.807+03:00  INFO 1876 --- [http-nio-8282-exec-1] r.g.s.aspects.LoggingAspect              : method = getAllTasks
2024-02-07T03:10:35.808+03:00  INFO 1876 --- [http-nio-8282-exec-1] r.g.s.aspects.LoggingAspect              : args = []
2024-02-07T03:10:40.606+03:00  INFO 1876 --- [http-nio-8282-exec-1] r.g.s.aspects.LoggingAspect              : result = [Task(id=6, title=Пятница, description=Поход в ресторан, status=Завершена, createdAt=2024-02-01T20:36:14, executor=Executor(id=7, name=Роман, age=22)), Task(id=8, title=Понедельник, description=День тяжелый, status=Завершена, createdAt=2024-02-05T01:50:02, executor=Executor(id=9, name=Семен, age=44)), Task(id=12, title=Вторник, description=Пойти на футбол, status=Завершена, createdAt=2024-02-05T01:51:24, executor=null)]
2024-02-07T03:10:40.612+03:00  INFO 1876 --- [http-nio-8282-exec-1] r.g.s.aspects.LoggingAspect              : target = class ru.gb.spring_seminar5.services.impl.ExecutorServiceImpl
2024-02-07T03:10:40.612+03:00  INFO 1876 --- [http-nio-8282-exec-1] r.g.s.aspects.LoggingAspect              : method = getAllExecutors
2024-02-07T03:10:40.612+03:00  INFO 1876 --- [http-nio-8282-exec-1] r.g.s.aspects.LoggingAspect              : args = []
2024-02-07T03:10:41.209+03:00  INFO 1876 --- [http-nio-8282-exec-1] r.g.s.aspects.LoggingAspect              : result = [Executor(id=1, name=Иван Иванов, age=28), Executor(id=2, name=Петр Петров, age=33), Executor(id=7, name=Роман, age=22), Executor(id=8, name=Катя, age=35), Executor(id=9, name=Семен, age=44), Executor(id=12, name=Мария, age=40), Executor(id=10, name=Павел, age=39)]
2024-02-07T03:10:44.562+03:00  WARN 1876 --- [http-nio-8282-exec-5] o.a.c.util.SessionIdGeneratorBase        : Creation of SecureRandom instance for session ID generation using [SHA1PRNG] took [192] milliseconds.
2024-02-07T03:11:02.394+03:00  INFO 1876 --- [http-nio-8282-exec-4] r.g.s.aspects.LoggingAspect              : target = class ru.gb.spring_seminar5.services.impl.TaskServiceImpl
2024-02-07T03:11:02.395+03:00  INFO 1876 --- [http-nio-8282-exec-4] r.g.s.aspects.LoggingAspect              : method = updateStatus
2024-02-07T03:11:02.395+03:00  INFO 1876 --- [http-nio-8282-exec-4] r.g.s.aspects.LoggingAspect              : args = [6]
2024-02-07T03:11:03.529+03:00  INFO 1876 --- [http-nio-8282-exec-4] r.g.s.aspects.LoggingAspect              : result = Task(id=6, title=Пятница, description=Поход в ресторан, status=Завершена, createdAt=2024-02-01T20:36:14, executor=Executor(id=7, name=Роман, age=22))
2024-02-07T03:11:03.530+03:00  INFO 1876 --- [http-nio-8282-exec-4] r.g.s.aspects.LoggingAspect              : target = class ru.gb.spring_seminar5.services.impl.TaskServiceImpl
2024-02-07T03:11:03.530+03:00  INFO 1876 --- [http-nio-8282-exec-4] r.g.s.aspects.LoggingAspect              : method = getAllTasks
2024-02-07T03:11:03.530+03:00  INFO 1876 --- [http-nio-8282-exec-4] r.g.s.aspects.LoggingAspect              : args = []
2024-02-07T03:11:04.426+03:00  INFO 1876 --- [http-nio-8282-exec-4] r.g.s.aspects.LoggingAspect              : result = [Task(id=6, title=Пятница, description=Поход в ресторан, status=Завершена, createdAt=2024-02-01T20:36:14, executor=Executor(id=7, name=Роман, age=22)), Task(id=8, title=Понедельник, description=День тяжелый, status=Завершена, createdAt=2024-02-05T01:50:02, executor=Executor(id=9, name=Семен, age=44)), Task(id=12, title=Вторник, description=Пойти на футбол, status=Завершена, createdAt=2024-02-05T01:51:24, executor=null)]
2024-02-07T03:11:04.427+03:00  INFO 1876 --- [http-nio-8282-exec-4] r.g.s.aspects.LoggingAspect              : target = class ru.gb.spring_seminar5.services.impl.ExecutorServiceImpl
2024-02-07T03:11:04.427+03:00  INFO 1876 --- [http-nio-8282-exec-4] r.g.s.aspects.LoggingAspect              : method = getAllExecutors
2024-02-07T03:11:04.427+03:00  INFO 1876 --- [http-nio-8282-exec-4] r.g.s.aspects.LoggingAspect              : args = []
2024-02-07T03:11:05.021+03:00  INFO 1876 --- [http-nio-8282-exec-4] r.g.s.aspects.LoggingAspect              : result = [Executor(id=1, name=Иван Иванов, age=28), Executor(id=2, name=Петр Петров, age=33), Executor(id=7, name=Роман, age=22), Executor(id=8, name=Катя, age=35), Executor(id=9, name=Семен, age=44), Executor(id=12, name=Мария, age=40), Executor(id=10, name=Павел, age=39)]
2024-02-07T03:11:10.731+03:00  INFO 1876 --- [http-nio-8282-exec-10] r.g.s.aspects.LoggingAspect              : target = class ru.gb.spring_seminar5.services.impl.TaskServiceImpl
2024-02-07T03:11:10.732+03:00  INFO 1876 --- [http-nio-8282-exec-10] r.g.s.aspects.LoggingAspect              : method = getTasksByStatus
2024-02-07T03:11:10.732+03:00  INFO 1876 --- [http-nio-8282-exec-10] r.g.s.aspects.LoggingAspect              : args = [Не начата]
2024-02-07T03:11:11.400+03:00  INFO 1876 --- [http-nio-8282-exec-10] r.g.s.aspects.LoggingAspect              : result = []
2024-02-07T03:11:11.401+03:00  INFO 1876 --- [http-nio-8282-exec-10] r.g.s.aspects.LoggingAspect              : target = class ru.gb.spring_seminar5.services.impl.ExecutorServiceImpl
2024-02-07T03:11:11.401+03:00  INFO 1876 --- [http-nio-8282-exec-10] r.g.s.aspects.LoggingAspect              : method = getAllExecutors
2024-02-07T03:11:11.401+03:00  INFO 1876 --- [http-nio-8282-exec-10] r.g.s.aspects.LoggingAspect              : args = []
2024-02-07T03:11:11.993+03:00  INFO 1876 --- [http-nio-8282-exec-10] r.g.s.aspects.LoggingAspect              : result = [Executor(id=1, name=Иван Иванов, age=28), Executor(id=2, name=Петр Петров, age=33), Executor(id=7, name=Роман, age=22), Executor(id=8, name=Катя, age=35), Executor(id=9, name=Семен, age=44), Executor(id=12, name=Мария, age=40), Executor(id=10, name=Павел, age=39)]
